[debug] [2023-06-28T18:41:03.619Z] ----------------------------------------------------------------------
[debug] [2023-06-28T18:41:03.627Z] Command:       C:\Program Files\nodejs\node.exe C:\Users\azzao\AppData\Roaming\npm\node_modules\firebase-tools\lib\bin\firebase.js init
[debug] [2023-06-28T18:41:03.630Z] CLI Version:   12.4.1
[debug] [2023-06-28T18:41:03.631Z] Platform:      win32
[debug] [2023-06-28T18:41:03.632Z] Node Version:  v18.14.0
[debug] [2023-06-28T18:41:03.634Z] Time:          Wed Jun 28 2023 21:41:03 GMT+0300 (East Africa Time)
[debug] [2023-06-28T18:41:03.635Z] ----------------------------------------------------------------------
[debug] 
[debug] [2023-06-28T18:41:03.646Z] >>> [apiv2][query] GET https://firebase-public.firebaseio.com/cli.json [none]
[debug] [2023-06-28T18:41:03.788Z] > command requires scopes: ["email","openid","https://www.googleapis.com/auth/cloudplatformprojects.readonly","https://www.googleapis.com/auth/firebase","https://www.googleapis.com/auth/cloud-platform"]
[debug] [2023-06-28T18:41:03.788Z] > authorizing via signed-in user (azzaomkenya@gmail.com)
[info] 
     ######## #### ########  ######## ########     ###     ######  ########
     ##        ##  ##     ## ##       ##     ##  ##   ##  ##       ##
     ######    ##  ########  ######   ########  #########  ######  ######
     ##        ##  ##    ##  ##       ##     ## ##     ##       ## ##
     ##       #### ##     ## ######## ########  ##     ##  ######  ########

You're about to initialize a Firebase project in this directory:

  C:\Users\azzao\Desktop\university course\Gollis University(local University)\workshop-session 1\finalproject

[debug] [2023-06-28T18:41:05.653Z] <<< [apiv2][status] GET https://firebase-public.firebaseio.com/cli.json 200
[debug] [2023-06-28T18:41:05.654Z] <<< [apiv2][body] GET https://firebase-public.firebaseio.com/cli.json {"cloudBuildErrorAfter":1594252800000,"cloudBuildWarnAfter":1590019200000,"defaultNode10After":1594252800000,"minVersion":"3.0.5","node8DeploysDisabledAfter":1613390400000,"node8RuntimeDisabledAfter":1615809600000,"node8WarnAfter":1600128000000}
[info] 
=== Project Setup
[info] 
[info] First, let's associate this project directory with a Firebase project.
[info] You can create multiple project aliases by running firebase use --add, 
[info] but for now we'll just set up a default project.
[info] 
[debug] [2023-06-28T18:43:45.167Z] >>> [apiv2][query] GET https://firebase.googleapis.com/v1beta1/projects pageSize=100
[debug] [2023-06-28T18:43:46.457Z] <<< [apiv2][status] GET https://firebase.googleapis.com/v1beta1/projects 200
[debug] [2023-06-28T18:43:46.458Z] <<< [apiv2][body] GET https://firebase.googleapis.com/v1beta1/projects [omitted]
[info] i  Using project react-course-c640d (react-course) 
[info] 
=== Hosting Setup
[info] 
[info] Your public directory is the folder (relative to your project directory) that
[info] will contain Hosting assets to be uploaded with firebase deploy. If you
[info] have a build process for your assets, use your build's output directory.
[info] 
[info] +  Wrote public/404.html 
[debug] [2023-06-28T18:46:53.707Z] >>> [apiv2][query] GET https://www.gstatic.com/firebasejs/releases.json [none]
[debug] [2023-06-28T18:46:54.633Z] <<< [apiv2][status] GET https://www.gstatic.com/firebasejs/releases.json 200
[debug] [2023-06-28T18:46:54.634Z] <<< [apiv2][body] GET https://www.gstatic.com/firebasejs/releases.json {"current":{"version":"9.23.0","browserURL":"https://www.gstatic.com/firebasejs/9.23.0/firebase.js","packageURL":"https://www.gstatic.com/firebasejs/9.23.0/firebase.tgz"},"live":{"version":"9.23","browserURL":"https://www.gstatic.com/firebasejs/live/9.23/firebase.js","packageURL":"https://www.gstatic.com/firebasejs/live/9.23/firebase.tgz"},"components":{"analytics":"https://www.gstatic.com/firebasejs/9.23.0/firebase-analytics.js","app":"https://www.gstatic.com/firebasejs/9.23.0/firebase-app.js","app-check":"https://www.gstatic.com/firebasejs/9.23.0/firebase-app-check.js","auth":"https://www.gstatic.com/firebasejs/9.23.0/firebase-auth.js","auth/cordova":"https://www.gstatic.com/firebasejs/9.23.0/firebase-auth/cordova.js","auth/react-native":"https://www.gstatic.com/firebasejs/9.23.0/firebase-auth/react-native.js","functions":"https://www.gstatic.com/firebasejs/9.23.0/firebase-functions.js","firestore":"https://www.gstatic.com/firebasejs/9.23.0/firebase-firestore.js","firestore/lite":"https://www.gstatic.com/firebasejs/9.23.0/firebase-firestore/lite.js","installations":"https://www.gstatic.com/firebasejs/9.23.0/firebase-installations.js","storage":"https://www.gstatic.com/firebasejs/9.23.0/firebase-storage.js","performance":"https://www.gstatic.com/firebasejs/9.23.0/firebase-performance.js","remote-config":"https://www.gstatic.com/firebasejs/9.23.0/firebase-remote-config.js","messaging":"https://www.gstatic.com/firebasejs/9.23.0/firebase-messaging.js","messaging/sw":"https://www.gstatic.com/firebasejs/9.23.0/firebase-messaging/sw.js","database":"https://www.gstatic.com/firebasejs/9.23.0/firebase-database.js","firestore.memory":"https://www.gstatic.com/firebasejs/9.23.0/firebase-firestore.memory.js"}}
[info] i  Skipping write of public/index.html 
[info] 
[info] i  Detected a .git folder at C:\Users\azzao\Desktop\university course\Gollis University(local University)\workshop-session 1\finalproject 
[info] i  Authorizing with GitHub to upload your service account to a GitHub repository's secrets store. 
[info] 
[info] Visit this URL on this device to log in:
[info] https://github.com/login/oauth/authorize?client_id=89cf50f02ac6aaed3484&state=999023034&redirect_uri=http%3A%2F%2Flocalhost%3A9005&scope=read%3Auser%20repo%20public_repo
[info] 
[info] Waiting for authentication...
[debug] [2023-06-28T18:48:12.781Z] >>> [apiv2][query] POST https://github.com/login/oauth/access_token [none]
[debug] [2023-06-28T18:48:12.781Z] >>> [apiv2][body] POST https://github.com/login/oauth/access_token [stream]
[debug] [2023-06-28T18:48:13.430Z] <<< [apiv2][status] POST https://github.com/login/oauth/access_token 200
[debug] [2023-06-28T18:48:13.430Z] <<< [apiv2][body] POST https://github.com/login/oauth/access_token {"access_token":"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","token_type":"bearer","scope":"read:user,repo"}
[debug] [2023-06-28T18:48:13.452Z] >>> [apiv2][query] GET https://api.github.com/user [none]
[debug] [2023-06-28T18:48:14.015Z] <<< [apiv2][status] GET https://api.github.com/user 200
[debug] [2023-06-28T18:48:14.016Z] <<< [apiv2][body] GET https://api.github.com/user {"login":"azzaojunior","id":129623207,"node_id":"U_kgDOB7nkpw","avatar_url":"https://avatars.githubusercontent.com/u/129623207?v=4","gravatar_id":"","url":"https://api.github.com/users/azzaojunior","html_url":"https://github.com/azzaojunior","followers_url":"https://api.github.com/users/azzaojunior/followers","following_url":"https://api.github.com/users/azzaojunior/following{/other_user}","gists_url":"https://api.github.com/users/azzaojunior/gists{/gist_id}","starred_url":"https://api.github.com/users/azzaojunior/starred{/owner}{/repo}","subscriptions_url":"https://api.github.com/users/azzaojunior/subscriptions","organizations_url":"https://api.github.com/users/azzaojunior/orgs","repos_url":"https://api.github.com/users/azzaojunior/repos","events_url":"https://api.github.com/users/azzaojunior/events{/privacy}","received_events_url":"https://api.github.com/users/azzaojunior/received_events","type":"User","site_admin":false,"name":null,"company":null,"blog":"","location":null,"email":null,"hireable":null,"bio":null,"twitter_username":null,"public_repos":1,"public_gists":0,"followers":0,"following":1,"created_at":"2023-04-01T19:28:34Z","updated_at":"2023-06-28T18:47:40Z","private_gists":0,"total_private_repos":1,"owned_private_repos":1,"disk_usage":0,"collaborators":0,"two_factor_authentication":false,"plan":{"name":"free","space":976562499,"collaborators":0,"private_repos":10000}}
[info] 
[info] +  Success! Logged into GitHub as azzaojunior 
[info] 
